2024-10-08 14:00:41.821 [info] Extension host with pid 137234 started
2024-10-08 14:00:41.909 [info] ExtensionService#_doActivateExtension vscode.git-base, startup: true, activationEvent: '*', root cause: vscode.git
2024-10-08 14:00:41.938 [info] ExtensionService#_doActivateExtension vscode.git, startup: true, activationEvent: '*'
2024-10-08 14:00:41.996 [info] ExtensionService#_doActivateExtension vscode.github, startup: true, activationEvent: '*'
2024-10-08 14:00:42.082 [info] Eager extensions activated
2024-10-08 14:00:42.105 [info] ExtensionService#_doActivateExtension vscode.debug-auto-launch, startup: false, activationEvent: 'onStartupFinished'
2024-10-08 14:00:42.107 [info] ExtensionService#_doActivateExtension vscode.merge-conflict, startup: false, activationEvent: 'onStartupFinished'
2024-10-08 14:00:42.121 [info] ExtensionService#_doActivateExtension esbenp.prettier-vscode, startup: false, activationEvent: 'onStartupFinished'
2024-10-08 14:00:52.792 [info] Extension host terminating: renderer closed the MessagePort
2024-10-08 14:00:52.800 [info] Extension host with pid 137234 exiting with code 0
2024-10-08 14:00:53.764 [info] Extension host with pid 137437 started
2024-10-08 14:00:53.764 [info] Skipping acquiring lock for /home/kali/Desktop/projects/web-backend/~/.vscode-root/User/workspaceStorage/a65d590628dcf528277fe571ed21e3df.
2024-10-08 14:00:53.887 [info] ExtensionService#_doActivateExtension vscode.git-base, startup: true, activationEvent: '*'
2024-10-08 14:00:53.892 [info] ExtensionService#_doActivateExtension vscode.npm, startup: true, activationEvent: 'workspaceContains:package.json'
2024-10-08 14:00:54.015 [info] ExtensionService#_doActivateExtension vscode.github, startup: true, activationEvent: '*'
2024-10-08 14:00:54.060 [info] Eager extensions activated
2024-10-08 14:00:54.072 [info] ExtensionService#_doActivateExtension vscode.debug-auto-launch, startup: false, activationEvent: 'onStartupFinished'
2024-10-08 14:00:54.073 [info] ExtensionService#_doActivateExtension vscode.merge-conflict, startup: false, activationEvent: 'onStartupFinished'
2024-10-08 14:00:54.088 [info] ExtensionService#_doActivateExtension esbenp.prettier-vscode, startup: false, activationEvent: 'onStartupFinished'
2024-10-08 14:00:58.347 [info] ExtensionService#_doActivateExtension vscode.git, startup: false, activationEvent: 'api', root cause: vscode.github
2024-10-08 14:00:59.057 [info] ExtensionService#_doActivateExtension vscode.configuration-editing, startup: false, activationEvent: 'onLanguage:json'
2024-10-08 14:00:59.065 [info] ExtensionService#_doActivateExtension vscode.extension-editing, startup: false, activationEvent: 'onLanguage:json'
2024-10-08 14:00:59.075 [info] ExtensionService#_doActivateExtension vscode.json-language-features, startup: false, activationEvent: 'onLanguage:json'
2024-10-08 14:00:59.119 [info] ExtensionService#_doActivateExtension vscode.emmet, startup: false, activationEvent: 'onLanguage'
2024-10-08 14:03:23.827 [info] ExtensionService#_doActivateExtension vscode.typescript-language-features, startup: false, activationEvent: 'onLanguage:javascript'
2024-10-08 15:48:59.377 [info] Extension host terminating: renderer closed the MessagePort
2024-10-08 15:48:59.409 [info] Extension host with pid 137437 exiting with code 0
