2024-10-08 14:08:15.713 [info] Extension host with pid 141162 started
2024-10-08 14:08:15.828 [info] ExtensionService#_doActivateExtension vscode.git-base, startup: true, activationEvent: '*', root cause: vscode.git
2024-10-08 14:08:15.894 [info] ExtensionService#_doActivateExtension vscode.git, startup: true, activationEvent: '*'
2024-10-08 14:08:15.951 [info] ExtensionService#_doActivateExtension vscode.github, startup: true, activationEvent: '*'
2024-10-08 14:08:16.027 [info] Eager extensions activated
2024-10-08 14:08:16.035 [info] ExtensionService#_doActivateExtension vscode.debug-auto-launch, startup: false, activationEvent: 'onStartupFinished'
2024-10-08 14:08:16.036 [info] ExtensionService#_doActivateExtension vscode.merge-conflict, startup: false, activationEvent: 'onStartupFinished'
2024-10-08 14:08:16.051 [info] ExtensionService#_doActivateExtension esbenp.prettier-vscode, startup: false, activationEvent: 'onStartupFinished'
2024-10-08 14:08:17.405 [info] Extension host terminating: renderer closed the MessagePort
2024-10-08 14:08:17.444 [error] ProxyResolver#addCertificatesV1 Canceled: Canceled
	at new eA (file:///usr/share/code/resources/app/out/vs/workbench/api/node/extensionHostProcess.js:31:109321)
	at Zb.U (file:///usr/share/code/resources/app/out/vs/workbench/api/node/extensionHostProcess.js:31:113933)
	at s.<computed>.n.charCodeAt.s.<computed> (file:///usr/share/code/resources/app/out/vs/workbench/api/node/extensionHostProcess.js:31:111427)
	at p0.loadCertificates (file:///usr/share/code/resources/app/out/vs/workbench/api/node/extensionHostProcess.js:109:52728)
	at Object.loadAdditionalCertificates (file:///usr/share/code/resources/app/out/vs/workbench/api/node/extensionHostProcess.js:158:2086)
	at /usr/share/code/resources/app/node_modules/@vscode/proxy-agent/out/index.js:499:53
	at Generator.next (<anonymous>)
	at /usr/share/code/resources/app/node_modules/@vscode/proxy-agent/out/index.js:35:71
	at new Promise (<anonymous>)
	at __awaiter (/usr/share/code/resources/app/node_modules/@vscode/proxy-agent/out/index.js:31:12)
	at /usr/share/code/resources/app/node_modules/@vscode/proxy-agent/out/index.js:498:43
	at /usr/share/code/resources/app/node_modules/@vscode/proxy-agent/out/index.js:500:16
	at Generator.next (<anonymous>)
	at /usr/share/code/resources/app/node_modules/@vscode/proxy-agent/out/index.js:35:71
	at new Promise (<anonymous>)
	at __awaiter (/usr/share/code/resources/app/node_modules/@vscode/proxy-agent/out/index.js:31:12)
	at getOrLoadAdditionalCertificates (/usr/share/code/resources/app/node_modules/@vscode/proxy-agent/out/index.js:496:12)
	at addCertificatesV1 (/usr/share/code/resources/app/node_modules/@vscode/proxy-agent/out/index.js:480:9)
	at resolveProxy (/usr/share/code/resources/app/node_modules/@vscode/proxy-agent/out/index.js:113:9)
	at /usr/share/code/resources/app/node_modules/@vscode/proxy-agent/out/index.js:325:77
	at new Promise (<anonymous>)
	at _PacProxyAgent.resolveP [as resolver] (/usr/share/code/resources/app/node_modules/@vscode/proxy-agent/out/index.js:325:54)
	at _PacProxyAgent.<anonymous> (/usr/share/code/resources/app/node_modules/@vscode/proxy-agent/out/agent.js:70:37)
	at Generator.next (<anonymous>)
	at /usr/share/code/resources/app/node_modules/@vscode/proxy-agent/out/agent.js:8:71
	at new Promise (<anonymous>)
	at __awaiter (/usr/share/code/resources/app/node_modules/@vscode/proxy-agent/out/agent.js:4:12)
	at _PacProxyAgent.connect (/usr/share/code/resources/app/node_modules/@vscode/proxy-agent/out/agent.js:52:16)
	at /usr/share/code/resources/app/node_modules/agent-base/dist/index.js:132:30
2024-10-08 14:08:17.444 [info] Extension host with pid 141162 exiting with code 0
